2023-10-11 11:20:23 info: "Server started on port 4000 in development mode."
2023-10-11 11:20:28 error: "connection.connect is not a function"
2023-10-11 11:21:51 info: "Server started on port 4000 in development mode."
2023-10-11 11:21:54 error: "connection.query is not a function"
2023-10-11 11:21:54 info: "Connected to Polarbird database"
2023-10-11 11:21:55 error: "connection.query is not a function"
2023-10-11 11:21:56 info: "Connected to Polarbird database"
2023-10-11 11:24:41 info: "Server started on port 4000 in development mode."
2023-10-11 11:24:44 info: "Connected to Polarbird database"
2023-10-11 11:24:44 error: "connection.query is not a function"
2023-10-11 11:24:45 info: "Connected to Polarbird database"
2023-10-11 11:24:45 error: "connection.query is not a function"
2023-10-11 11:24:46 info: "Connected to Polarbird database"
2023-10-11 11:24:46 error: "connection.query is not a function"
2023-10-11 11:25:17 info: "Server started on port 4000 in development mode."
2023-10-11 11:25:21 info: "Connected to Polarbird database"
2023-10-11 11:26:57 info: "Server started on port 4000 in development mode."
2023-10-11 11:27:00 error: "mysql is not a function"
2023-10-11 11:27:10 info: "Server started on port 4000 in development mode."
2023-10-11 11:28:35 info: "Server started on port 4000 in development mode."
2023-10-11 11:28:38 error: "connection.query is not a function"
2023-10-11 11:28:38 info: "Connected to Polarbird database"
2023-10-11 11:28:39 error: "connection.query is not a function"
2023-10-11 11:28:39 info: "Connected to Polarbird database"
2023-10-11 11:29:56 info: "Server started on port 4000 in development mode."
2023-10-11 11:29:58 error: "connection.query is not a function"
2023-10-11 11:29:58 info: "Connected to Polarbird database"
2023-10-11 11:40:01 info: "Server started on port 4000 in development mode."
2023-10-11 11:40:03 info: "Server started on port 4000 in development mode."
2023-10-11 11:48:44 info: "Server started on port 4000 in development mode."
2023-10-11 11:48:52 error: "Error:"
2023-10-11 11:48:52 error: "Error: connection.end is not a function"
2023-10-11 11:48:52 error: "Shutting down the server due to Unhandled promise rejection."
2023-10-11 11:48:52 info: "Connected to Polarbird database"
2023-10-11 11:48:55 error: "Error:"
2023-10-11 11:48:55 error: "Error: connection.end is not a function"
2023-10-11 11:48:55 error: "Shutting down the server due to Unhandled promise rejection."
2023-10-11 11:48:55 info: "Connected to Polarbird database"
2023-10-11 11:54:52 info: "Server started on port 4000 in development mode."
2023-10-11 11:54:55 error: "Error:"
2023-10-11 11:54:55 error: "Error: connection.end is not a function"
2023-10-11 11:54:55 error: "Shutting down the server due to Unhandled promise rejection."
2023-10-11 11:54:55 info: "Connected to Polarbird database"
2023-10-11 11:56:00 info: "Server started on port 4000 in development mode."
2023-10-11 11:56:03 error: "connection.query is not a function"
2023-10-11 11:56:03 info: "Connected to Polarbird database"
2023-10-11 11:56:05 error: "connection.query is not a function"
2023-10-11 11:56:05 info: "Connected to Polarbird database"
2023-10-11 11:56:17 info: "Server started on port 4000 in development mode."
2023-10-11 11:56:21 error: "connection.query is not a function"
2023-10-11 11:56:21 info: "Connected to Polarbird database"
2023-10-11 11:56:28 info: "Server started on port 4000 in development mode."
2023-10-11 11:56:30 error: "connection.query is not a function"
2023-10-11 11:56:30 info: "Connected to Polarbird database"
2023-10-11 11:56:32 error: "connection.query is not a function"
2023-10-11 11:56:32 info: "Connected to Polarbird database"
2023-10-11 11:56:41 info: "Server started on port 4000 in development mode."
2023-10-11 11:56:43 error: "connection.query is not a function"
2023-10-11 11:56:43 info: "Connected to Polarbird database"
2023-10-11 11:56:55 info: "Server started on port 4000 in development mode."
2023-10-11 11:56:57 error: "connection.query is not a function"
2023-10-11 11:56:57 info: "Connected to Polarbird database"
2023-10-11 11:58:02 error: "connection.query is not a function"
2023-10-11 11:58:03 info: "Connected to Polarbird database"
2023-10-11 11:58:21 info: "Server started on port 4000 in development mode."
2023-10-11 11:58:27 error: "connection.query is not a function"
2023-10-11 11:58:27 info: "Connected to Polarbird database"
