2023-10-11 10:00:24 info: "Server started on port 4000 in development mode."
2023-10-11 10:00:40 info: "Server started on port 4000 in development mode."
2023-10-11 10:01:58 info: "Server started on port 4000 in development mode."
2023-10-11 10:02:57 info: "Server started on port 4000 in development mode."
2023-10-11 10:06:32 info: "Server started on port 4000 in development mode."
2023-10-11 10:06:43 info: "Server started on port 4000 in development mode."
2023-10-11 10:06:55 info: "Server started on port 4000 in development mode."
2023-10-11 10:09:43 info: "Server started on port 4000 in development mode."
2023-10-11 10:10:25 error: "connection.connect is not a function"
2023-10-11 10:11:27 info: "Server started on port 4000 in development mode."
2023-10-11 10:11:34 info: "Connected to MySQL database"
2023-10-11 10:12:11 info: "Connected to MySQL database"
2023-10-11 10:12:54 info: "Connected to MySQL database."
2023-10-11 10:12:54 info: "Login successful for user:"
2023-10-11 10:13:58 info: "Server started on port 4000 in development mode."
2023-10-11 10:14:07 info: "Server started on port 4000 in development mode."
2023-10-11 10:14:19 info: "Server started on port 4000 in development mode."
2023-10-11 10:15:27 info: "Server started on port 4000 in development mode."
2023-10-11 10:17:40 info: "Server started on port 4000 in development mode."
2023-10-11 10:17:44 info: "Server started on port 4000 in development mode."
2023-10-11 10:18:22 info: "Server started on port 4000 in development mode."
2023-10-11 10:18:29 info: "Connected to Polarbird Database"
2023-10-11 10:18:29 error: "connection.query is not a function"
2023-10-11 10:19:05 info: "Server started on port 4000 in development mode."
2023-10-11 10:19:08 info: "Connected to Polarbird Database"
2023-10-11 10:19:08 error: "connection.query is not a function"
2023-10-11 10:19:09 info: "Connected to Polarbird Database"
2023-10-11 10:19:09 error: "connection.query is not a function"
2023-10-11 10:19:11 info: "Connected to Polarbird Database"
2023-10-11 10:19:11 error: "connection.query is not a function"
2023-10-11 10:19:20 info: "Server started on port 4000 in development mode."
2023-10-11 10:19:22 info: "Connected to Polarbird DB"
2023-10-11 10:19:22 error: "Error: connection.connect is not a function"
2023-10-11 10:19:22 error: "Shutting down the server due to Unhandled promise rejection."
2023-10-11 10:19:22 error: "connection.query is not a function"
2023-10-11 10:19:31 info: "Server started on port 4000 in development mode."
2023-10-11 10:19:34 info: "Connected to Polarbird DB"
2023-10-11 10:19:34 error: "Error: connection.connect is not a function"
2023-10-11 10:19:34 error: "Shutting down the server due to Unhandled promise rejection."
2023-10-11 10:19:34 error: "connection.query is not a function"
2023-10-11 10:19:42 info: "Server started on port 4000 in development mode."
2023-10-11 10:19:44 error: "Error: connection.connect is not a function"
2023-10-11 10:19:44 error: "Shutting down the server due to Unhandled promise rejection."
2023-10-11 10:19:44 error: "connection.query is not a function"
2023-10-11 10:19:55 info: "Server started on port 4000 in development mode."
2023-10-11 10:19:57 info: "Connected to MySQL database"
2023-10-11 10:20:10 info: "Server started on port 4000 in development mode."
2023-10-11 10:20:13 error: "connection.connect is not a function"
2023-10-11 10:20:15 error: "connection.connect is not a function"
2023-10-11 10:20:20 info: "Server started on port 4000 in development mode."
2023-10-11 10:20:22 info: "Connected to MySQL database"
2023-10-11 10:20:31 info: "Server started on port 4000 in development mode."
2023-10-11 10:20:33 error: "connection.connect is not a function"
2023-10-11 10:21:23 info: "Server started on port 4000 in development mode."
2023-10-11 10:21:26 error: "connection.connect is not a function"
2023-10-11 10:22:24 info: "Server started on port 4000 in development mode."
2023-10-11 10:22:27 error: "mysql is not a function"
2023-10-11 10:22:28 error: "mysql is not a function"
2023-10-11 10:23:37 info: "Server started on port 4000 in development mode."
2023-10-11 10:23:43 error: "connection.connect is not a function"
2023-10-11 10:24:06 info: "Server started on port 4000 in development mode."
2023-10-11 10:24:10 info: "Connected to MySQL database"
2023-10-11 10:24:37 info: "Connected to login Database."
2023-10-11 10:24:37 info: "Login successful for user:"
2023-10-11 10:25:11 info: "Server started on port 4000 in development mode."
2023-10-11 10:25:23 info: "Connected to Polarbird database"
2023-10-11 10:25:25 info: "Connected to Polarbird database"
2023-10-11 10:26:46 info: "Server started on port 4000 in development mode."
2023-10-11 10:26:51 error: "connection.query is not a function"
2023-10-11 10:26:51 info: "Connected to login Database."
2023-10-11 10:26:55 error: "connection.query is not a function"
2023-10-11 10:26:55 info: "Connected to login Database."
2023-10-11 10:27:22 info: "Server started on port 4000 in development mode."
2023-10-11 10:27:27 error: "connection.query is not a function"
2023-10-11 10:27:27 info: "Connected to login Database."
2023-10-11 10:28:34 info: "Server started on port 4000 in development mode."
2023-10-11 10:28:35 info: "Server started on port 4000 in development mode."
2023-10-11 10:28:36 info: "Server started on port 4000 in development mode."
2023-10-11 10:28:43 info: "Connected to login Database."
2023-10-11 10:28:43 info: "Login successful for user:"
2023-10-11 10:28:48 info: "Server started on port 4000 in development mode."
2023-10-11 10:30:13 error: "connection.query is not a function"
2023-10-11 10:30:13 info: "Connected to login Database."
2023-10-11 10:30:21 error: "connection.query is not a function"
2023-10-11 10:30:22 info: "Connected to login Database."
2023-10-11 10:30:38 info: "Server started on port 4000 in development mode."
2023-10-11 10:30:40 error: "connection.query is not a function"
2023-10-11 10:30:40 info: "Connected to Polarbird Database."
2023-10-11 10:30:46 error: "connection.query is not a function"
2023-10-11 10:30:46 info: "Connected to Polarbird Database."
2023-10-11 10:30:52 error: "connection.query is not a function"
2023-10-11 10:30:52 info: "Connected to Polarbird Database."
2023-10-11 10:31:09 info: "Connected to login Database."
2023-10-11 10:31:09 info: "Login successful for user:"
2023-10-11 10:31:14 error: "connection.query is not a function"
2023-10-11 10:31:14 info: "Connected to Polarbird Database."
2023-10-11 10:31:16 error: "connection.query is not a function"
2023-10-11 10:31:16 info: "Connected to Polarbird Database."
2023-10-11 10:31:23 info: "Server started on port 4000 in development mode."
2023-10-11 10:31:27 info: "Connected to Polarbird Database."
2023-10-11 10:31:27 error: "connection.query is not a function"
2023-10-11 10:31:28 info: "Connected to Polarbird Database."
2023-10-11 10:31:28 error: "connection.query is not a function"
2023-10-11 10:31:29 info: "Connected to Polarbird Database."
2023-10-11 10:31:29 error: "connection.query is not a function"
2023-10-11 10:31:31 info: "Connected to Polarbird Database."
2023-10-11 10:31:31 error: "connection.query is not a function"
2023-10-11 10:31:52 info: "Server started on port 4000 in development mode."
2023-10-11 10:31:55 info: "Connected to Polarbird database"
2023-10-11 10:31:57 info: "Connected to Polarbird database"
2023-10-11 10:31:58 info: "Connected to Polarbird database"
2023-10-11 10:32:33 info: "Server started on port 4000 in development mode."
2023-10-11 10:32:36 info: "Connected to Polarbird database"
2023-10-11 10:32:38 info: "Connected to Polarbird database"
2023-10-11 10:32:57 info: "Connected to Polarbird database"
2023-10-11 10:34:31 info: "Server started on port 4000 in development mode."
2023-10-11 10:35:17 info: "Server started on port 4000 in development mode."
2023-10-11 10:35:30 info: "Connected to Polarbird database"
2023-10-11 10:35:38 info: "Connected to Polarbird database"
