2023-10-06 16:00:36 info: "Connected to MySQL database."
2023-10-06 16:00:36 info: "Login successful for user:"
2023-10-06 16:00:38 info: "Connected to MySQL database."
2023-10-06 16:00:38 info: "Login successful for user:"
2023-10-06 16:00:39 info: "Connected to MySQL database."
2023-10-06 16:00:39 info: "Login successful for user:"
2023-10-06 16:26:18 info: "Connected to MySQL database."
2023-10-06 16:26:18 info: "Login successful for user:"
2023-10-06 16:35:24 info: "ตั้ง Schedule ส่งรายงานผ่านไลน์"
2023-10-06 16:35:24 info: "Server started on port 4000 in development mode."
2023-10-06 16:35:26 info: "Connected to MySQL database."
2023-10-06 16:35:27 info: "Login successful for user:"
2023-10-06 16:36:13 info: "ตั้ง Schedule ส่งรายงานผ่านไลน์"
2023-10-06 16:36:13 info: "Server started on port 4000 in development mode."
2023-10-06 16:36:15 info: "Connected to MySQL database."
2023-10-06 16:36:16 info: "Login successful for user:"
2023-10-06 16:36:32 info: "ตั้ง Schedule ส่งรายงานผ่านไลน์"
2023-10-06 16:36:32 info: "Server started on port 4000 in development mode."
2023-10-06 16:39:04 info: "ตั้ง Schedule ส่งรายงานผ่านไลน์"
2023-10-06 16:39:04 info: "Server started on port 4000 in development mode."
2023-10-06 16:39:06 info: "Connected to MySQL database."
2023-10-06 16:39:06 info: "Login successful for user:"
2023-10-06 16:39:06 error: "Database error: secretKey is not defined"
2023-10-06 16:39:11 info: "ตั้ง Schedule ส่งรายงานผ่านไลน์"
2023-10-06 16:39:11 info: "Server started on port 4000 in development mode."
2023-10-06 16:39:14 info: "Connected to MySQL database."
2023-10-06 16:39:14 info: "Login successful for user:"
2023-10-06 16:41:47 info: "ตั้ง Schedule ส่งรายงานผ่านไลน์"
2023-10-06 16:41:47 info: "Server started on port 4000 in development mode."
2023-10-06 16:41:50 info: "Connected to MySQL database."
2023-10-06 16:41:50 info: "Login successful for user:"
2023-10-06 16:55:04 info: "Connected to MySQL database."
2023-10-06 16:55:05 info: "Login successful for user:"
