2023-10-05 17:35:35 error: "Error hashing password: data and salt arguments required"
2023-10-05 17:35:47 error: "Error hashing password: data and salt arguments required"
2023-10-05 17:43:10 error: "Error hashing password: data and salt arguments required"
2023-10-05 17:43:11 error: "Error hashing password: data and salt arguments required"
2023-10-05 18:02:49 error: "Error hashing password: data and salt arguments required"
2023-10-05 18:02:51 error: "Error hashing password: data and salt arguments required"
2023-10-05 18:02:53 error: "Error hashing password: data and salt arguments required"
2023-10-05 18:04:43 error: "Error hashing password: data and salt arguments required"
2023-10-06 09:17:29 error: "db.query is not a function"
2023-10-06 09:19:01 error: "db.query is not a function"
2023-10-06 09:19:03 error: "db.query is not a function"
2023-10-06 09:26:15 error: "db.query is not a function"
2023-10-06 09:34:23 error: "db.query is not a function"
2023-10-06 09:34:24 error: "db.query is not a function"
2023-10-06 09:36:16 error: "db.query is not a function"
2023-10-06 09:37:29 error: "db.query is not a function"
2023-10-06 09:38:42 error: "db.query is not a function"
2023-10-06 09:38:43 error: "db.query is not a function"
2023-10-06 09:40:00 error: "db.query is not a function"
2023-10-06 10:18:25 error: "db.query is not a function"
2023-10-06 10:19:37 error: "db.query is not a function"
2023-10-06 10:20:16 error: "db.query is not a function"
2023-10-06 10:20:40 error: "db.query is not a function"
2023-10-06 10:20:42 error: "db.query is not a function"
2023-10-06 10:21:43 error: "db.query is not a function"
2023-10-06 10:21:45 error: "db.query is not a function"
2023-10-06 10:26:16 error: "db.query is not a function"
2023-10-06 10:38:14 error: "Bcrypt error: data and hash must be strings"
2023-10-06 15:20:59 error: "Database error: secretKey is not defined"
2023-10-06 16:39:06 error: "Database error: secretKey is not defined"
2023-10-11 10:10:25 error: "connection.connect is not a function"
2023-10-11 10:18:29 error: "connection.query is not a function"
2023-10-11 10:19:08 error: "connection.query is not a function"
2023-10-11 10:19:09 error: "connection.query is not a function"
2023-10-11 10:19:11 error: "connection.query is not a function"
2023-10-11 10:19:22 error: "Error: connection.connect is not a function"
2023-10-11 10:19:22 error: "Shutting down the server due to Unhandled promise rejection."
2023-10-11 10:19:22 error: "connection.query is not a function"
2023-10-11 10:19:34 error: "Error: connection.connect is not a function"
2023-10-11 10:19:34 error: "Shutting down the server due to Unhandled promise rejection."
2023-10-11 10:19:34 error: "connection.query is not a function"
2023-10-11 10:19:44 error: "Error: connection.connect is not a function"
2023-10-11 10:19:44 error: "Shutting down the server due to Unhandled promise rejection."
2023-10-11 10:19:44 error: "connection.query is not a function"
2023-10-11 10:20:13 error: "connection.connect is not a function"
2023-10-11 10:20:15 error: "connection.connect is not a function"
2023-10-11 10:20:33 error: "connection.connect is not a function"
2023-10-11 10:21:26 error: "connection.connect is not a function"
2023-10-11 10:22:27 error: "mysql is not a function"
2023-10-11 10:22:28 error: "mysql is not a function"
2023-10-11 10:23:43 error: "connection.connect is not a function"
2023-10-11 10:26:51 error: "connection.query is not a function"
2023-10-11 10:26:55 error: "connection.query is not a function"
2023-10-11 10:27:27 error: "connection.query is not a function"
2023-10-11 10:30:13 error: "connection.query is not a function"
2023-10-11 10:30:21 error: "connection.query is not a function"
2023-10-11 10:30:40 error: "connection.query is not a function"
2023-10-11 10:30:46 error: "connection.query is not a function"
2023-10-11 10:30:52 error: "connection.query is not a function"
2023-10-11 10:31:14 error: "connection.query is not a function"
2023-10-11 10:31:16 error: "connection.query is not a function"
2023-10-11 10:31:27 error: "connection.query is not a function"
2023-10-11 10:31:28 error: "connection.query is not a function"
2023-10-11 10:31:29 error: "connection.query is not a function"
2023-10-11 10:31:31 error: "connection.query is not a function"
2023-10-11 11:20:28 error: "connection.connect is not a function"
2023-10-11 11:21:54 error: "connection.query is not a function"
2023-10-11 11:21:55 error: "connection.query is not a function"
2023-10-11 11:24:44 error: "connection.query is not a function"
2023-10-11 11:24:45 error: "connection.query is not a function"
2023-10-11 11:24:46 error: "connection.query is not a function"
2023-10-11 11:27:00 error: "mysql is not a function"
2023-10-11 11:28:38 error: "connection.query is not a function"
2023-10-11 11:28:39 error: "connection.query is not a function"
2023-10-11 11:29:58 error: "connection.query is not a function"
2023-10-11 11:48:52 error: "Error:"
2023-10-11 11:48:52 error: "Error: connection.end is not a function"
2023-10-11 11:48:52 error: "Shutting down the server due to Unhandled promise rejection."
2023-10-11 11:48:55 error: "Error:"
2023-10-11 11:48:55 error: "Error: connection.end is not a function"
2023-10-11 11:48:55 error: "Shutting down the server due to Unhandled promise rejection."
2023-10-11 11:54:55 error: "Error:"
2023-10-11 11:54:55 error: "Error: connection.end is not a function"
2023-10-11 11:54:55 error: "Shutting down the server due to Unhandled promise rejection."
2023-10-11 11:56:03 error: "connection.query is not a function"
2023-10-11 11:56:05 error: "connection.query is not a function"
2023-10-11 11:56:21 error: "connection.query is not a function"
2023-10-11 11:56:30 error: "connection.query is not a function"
2023-10-11 11:56:32 error: "connection.query is not a function"
2023-10-11 11:56:43 error: "connection.query is not a function"
2023-10-11 11:56:57 error: "connection.query is not a function"
2023-10-11 11:58:02 error: "connection.query is not a function"
2023-10-11 11:58:27 error: "connection.query is not a function"
2023-10-11 12:02:16 error: "connection.query is not a function"
2023-10-12 12:01:08 error: "Invalid time value"
2023-10-12 13:45:20 error: "Error executing query:"
2023-10-12 13:45:24 error: "Error executing query:"
2023-10-12 13:45:28 error: "Error executing query:"
2023-10-12 13:45:40 error: "Error executing query:"
2023-10-12 13:46:58 error: "Error executing query:"
2023-11-30 15:14:41 error: "ENOENT: no such file or directory, stat '/Users/vansales/Documents/joe-nontakorn/public/index.html'"
2023-11-30 15:16:32 error: "ENOENT: no such file or directory, stat '/Users/vansales/Documents/joe-nontakorn/public/index.html'"
2023-11-30 15:16:33 error: "ENOENT: no such file or directory, stat '/Users/vansales/Documents/joe-nontakorn/public/index.html'"
2023-11-30 15:36:20 error: "ENOENT: no such file or directory, stat '/Users/vansales/Documents/joe-nontakorn/public/index.html'"
2023-11-30 15:36:22 error: "ENOENT: no such file or directory, stat '/Users/vansales/Documents/joe-nontakorn/public/index.html'"
2023-11-30 15:36:24 error: "ENOENT: no such file or directory, stat '/Users/vansales/Documents/joe-nontakorn/public/index.html'"
2023-11-30 15:36:24 error: "ENOENT: no such file or directory, stat '/Users/vansales/Documents/joe-nontakorn/public/index.html'"
2023-11-30 15:40:05 error: "ENOENT: no such file or directory, stat '/Users/vansales/Documents/joe-nontakorn/public/index.html'"
2023-11-30 15:41:06 error: "ENOENT: no such file or directory, stat '/Users/vansales/Documents/joe-nontakorn/public/index.html'"
2023-11-30 15:41:07 error: "ENOENT: no such file or directory, stat '/Users/vansales/Documents/joe-nontakorn/public/index.html'"
2023-11-30 15:55:54 error: "ENOENT: no such file or directory, stat '/Users/vansales/Documents/joe-nontakorn/public/index.html'"
