2023-12-13T02:18:12.538Z - GET /api/worldschema?countryCode=TH
2023-12-13T02:18:14.052Z - GET /api/worldschema?countryCode=TH
2023-12-13T02:18:19.626Z - GET /api/country?name=T
2023-12-13T02:18:22.443Z - GET /api/worldschema?countryCode=TH
2023-12-13T02:18:38.191Z - GET /api/worldschema?countryCode=TH
2023-12-13T02:18:39.190Z - GET /api/worldschema?countryCode=TH
2023-12-13T02:19:44.832Z - GET /api/worldschema?countryCode=TH
2023-12-13T02:19:45.829Z - GET /api/worldschema?countryCode=TH
2023-12-13T02:19:50.373Z - GET /api/worldschema?countryCode=TH
2023-12-13T02:20:19.918Z - GET /api/worldschema?countryCode=TH
2023-12-13T02:20:20.748Z - GET /api/worldschema?countryCode=TH
2023-12-13T02:20:21.454Z - GET /api/worldschema?countryCode=TH
2023-12-13T02:20:43.062Z - GET /api/worldschema?countryCode=TH
2023-12-13T02:23:10.986Z - GET /api/worldschema?countryCode=TH
2023-12-13T02:24:04.757Z - GET /api/worldschema?countryCode=TH
2023-12-13T02:24:05.909Z - GET /api/worldschema?countryCode=TH
2023-12-13T02:29:37.141Z - GET /api/worldschema?countryCode=TH
2023-12-13T02:29:57.111Z - GET /api/worldschema?countryCode=TH
2023-12-13T02:38:45.379Z - GET /api/worldschema?countryCode=TH
2023-12-13T02:38:46.447Z - GET /api/worldschema?countryCode=TH
2023-12-13T02:39:18.721Z - GET /api/worldschema?countryCode=TH
2023-12-13T02:40:33.999Z - GET /api/worldschema?countryCode=TH
2023-12-13T02:40:35.093Z - GET /api/worldschema?countryCode=TH
2023-12-13T02:42:00.544Z - GET /api/worldschema?countryCode=TH
2023-12-13T02:42:01.499Z - GET /api/worldschema?countryCode=TH
2023-12-13T02:42:48.753Z - GET /api/worldschema?countryCode=TH
2023-12-13T02:44:53.709Z - GET /api/worldschema?countryCode=TH
2023-12-13T03:01:10.636Z - GET /api/worldschema?countryCode=TH
2023-12-13T03:02:51.541Z - GET /api/worldschema?countryCode=TH
2023-12-13T03:05:24.632Z - GET /api/worldschema?countryCode=TH
2023-12-13T03:35:13.268Z - GET /api/worldschema?countryCode=TH&provinceCode=AYA
2023-12-13T03:35:17.291Z - GET /api/worldschema?countryCode=TH&provinceCode=AYA&districtCode=1401
2023-12-13T03:35:25.040Z - GET /api/country?name=t
2023-12-13T03:35:35.900Z - GET /api/country?name=thai
2023-12-13T03:35:45.410Z - GET /api/country?name=th
2023-12-13T04:39:01.866Z - GET /api/worldschema?countryCode=TH
2023-12-13T04:39:06.391Z - GET /api/worldschema?countryCode=T
2023-12-13T04:41:03.339Z - GET /api/worldschema?countryCode=T
2023-12-13T04:41:04.554Z - GET /api/worldschema?countryCode=T
2023-12-13T04:45:14.357Z - GET /api/worldschema?countryCode=T
2023-12-13T04:45:19.564Z - GET /api/worldschema?countryCode=TH
2023-12-13T04:45:36.326Z - GET /api/worldschema?countryCode=TH&provinceCode=AYA
2023-12-13T04:47:52.325Z - GET /api/country?name=th
2023-12-13T04:48:01.752Z - GET /api/country?name=t
2023-12-13T04:49:09.125Z - GET /api/country?name1=t
2023-12-13T04:49:10.315Z - GET /api/country?name1=t
2023-12-13T04:49:37.774Z - GET /api/country?name=t
2023-12-13T04:50:01.968Z - GET /api/country?name=t
2023-12-13T04:50:11.297Z - GET /api/country?name=t
2023-12-13T04:53:34.431Z - GET /api/country?name=t
2023-12-13T04:58:02.119Z - GET /api/worldschema?countryCode=TH&search
2023-12-13T04:58:43.537Z - GET /api/worldschema?countryCode=TH&search=b
2023-12-13T04:58:45.494Z - GET /api/worldschema?countryCode=TH&search=b
2023-12-13T04:59:16.857Z - GET /api/worldschema?countryCode=TH
2023-12-13T07:01:32.771Z - GET /api/worldschema?countryCode=TH
2023-12-13T07:08:04.882Z - GET /api/worldschema?countryCode=TH
2023-12-13T07:08:40.074Z - GET /api/worldschema?countryCode=TH
2023-12-13T07:08:47.557Z - GET /api/country?name=t
2023-12-13T07:09:14.151Z - GET /api/worldschema?countryCode=TH&provinceCode=AYA
2023-12-13T07:09:17.219Z - GET /api/worldschema?countryCode=TH
2023-12-13T07:09:21.220Z - GET /api/worldschema?countryCode=TH&provinceCode=AYA
2023-12-13T07:09:23.551Z - GET /api/worldschema?countryCode=TH&provinceCode=AYA&districtCode=1401
2023-12-13T07:09:27.225Z - GET /api/worldschema?countryCode=TH&provinceCode=AYA
2023-12-13T07:09:30.265Z - GET /api/worldschema?countryCode=TH&provinceCode=AYA&districtCode=1401
